<?xml version="1.0" encoding="UTF-8"?>
<testsuite xmlns:xsi="http://www.w3.org/2001/XMLSchema-instance" xsi:noNamespaceSchemaLocation="https://maven.apache.org/surefire/maven-surefire-plugin/xsd/surefire-test-report-3.0.xsd" version="3.0" name="be.jonas.boon.portfolio.PortfolioApplicationTests" time="5.953" tests="1" errors="0" skipped="0" failures="0">
  <properties>
[...]
</properties>
  <testcase name="contextLoads" classname="be.jonas.boon.portfolio.PortfolioApplicationTests" time="1.33">
    <system-out><![CDATA[11:16:06.160 [main] INFO org.springframework.test.context.support.AnnotationConfigContextLoaderUtils -- Could not detect default configuration classes for test class [be.jonas.boon.portfolio.PortfolioApplicationTests]: PortfolioApplicationTests does not declare any static, non-private, non-final, nested classes annotated with @Configuration.
11:16:06.343 [main] INFO org.springframework.boot.test.context.SpringBootTestContextBootstrapper -- Found @SpringBootConfiguration be.jonas.boon.portfolio.PortfolioApplication for test class be.jonas.boon.portfolio.PortfolioApplicationTests
11:16:06.651 [main] INFO org.springframework.boot.devtools.restart.RestartApplicationListener -- Restart disabled due to context in which it is running

  .   ____          _            __ _ _
 /\\ / ___'_ __ _ _(_)_ __  __ _ \ \ \ \
( ( )\___ | '_ | '_| | '_ \/ _` | \ \ \ \
 \\/  ___)| |_)| | | | | || (_| |  ) ) ) )
  '  |____| .__|_| |_|_| |_\__, | / / / /
 =========|_|==============|___/=/_/_/_/
 :: Spring Boot ::                (v3.2.3)

2024-03-30T11:16:07.040+01:00  INFO 9804 --- [           main] b.j.b.p.PortfolioApplicationTests        : Starting PortfolioApplicationTests using Java 17.0.10 with PID 9804 (started by jonas in C:\Projecten\Portfolio\backend)
2024-03-30T11:16:07.041+01:00  INFO 9804 --- [           main] b.j.b.p.PortfolioApplicationTests        : No active profile set, falling back to 1 default profile: "default"
2024-03-30T11:16:10.282+01:00  INFO 9804 --- [           main] o.s.b.a.e.web.EndpointLinksResolver      : Exposing 1 endpoint(s) beneath base path '/actuator'
2024-03-30T11:16:10.364+01:00  INFO 9804 --- [           main] b.j.b.p.PortfolioApplicationTests        : Started PortfolioApplicationTests in 3.738 seconds (process running for 5.444)
]]></system-out>
  </testcase>
</testsuite>